#
# There is insufficient memory for the Java Runtime Environment to continue.
# Native memory allocation (malloc) failed to allocate 1048576 bytes for AllocateHeap
# Possible reasons:
#   The system is out of physical RAM or swap space
#   The process is running with CompressedOops enabled, and the Java Heap may be blocking the growth of the native heap
# Possible solutions:
#   Reduce memory load on the system
#   Increase physical memory or swap space
#   Check if swap backing store is full
#   Decrease Java heap size (-Xmx/-Xms)
#   Decrease number of Java threads
#

# JRE version: OpenJDK Runtime Environment (11.0.12+7) (build 11.0.12+7-b1504.28-7817840)
# Java VM: OpenJDK 64-Bit Server VM (11.0.12+7-b1504.28-7817840, mixed mode, tiered, compressed oops, g1 gc, windows-amd64)
# No core dump will be written. Minidumps are not enabled by default on client versions of Windows
#

---------------  S U M M A R Y ------------

Command Line: --add-opens=java.base/java.util=ALL-UNNAMED --add-opens=java.base/java.lang=ALL-UNNAMED --add-opens=java.base/java.lang.invoke=ALL-UNNAMED --add-opens=java.base/java.util=ALL-UNNAMED --add-opens=java.prefs/java.util.prefs=ALL-UNNAMED --add-opens=java.prefs/java.util.prefs=ALL-UNNAMED --add-opens=java.base/java.nio.charset=ALL-UNNAMED --add-opens=java.base/java.net=ALL-UNNAMED --add-opens=java.base/java.util.concurrent.atomic=ALL-UNNAMED -Xmx2048m -Dfile.encoding=UTF-8 -Duser.country=IN -Duser.language=en -Duser.variant org.gradle.launcher.daemon.bootstrap.GradleDaemon 7.3.3

Host: Intel(R) Core(TM) i3-5005U CPU @ 2.00GHz, 4 cores, 3G,  Windows 10 , 64 bit Build 19041 (10.0.19041.1741)
Time: Fri Jul  1 19:35:07 2022 India Standard Time elapsed time: 24.194836 seconds (0d 0h 0m 24s)

---------------  T H R E A D  ---------------

Current thread (0x0000021731b85800):  VMThread "VM Thread" [stack: 0x000000ff5a800000,0x000000ff5a900000] [id=5512]

Stack: [0x000000ff5a800000,0x000000ff5a900000]
[error occurred during error reporting (printing stack bounds), id 0xc0000005, EXCEPTION_ACCESS_VIOLATION (0xc0000005) at pc=0x000002171bae112d]

Native frames: (J=compiled Java code, j=interpreted, Vv=VM code, C=native code)
V  [jvm.dll+0x5fbcea]
V  [jvm.dll+0x731905]
V  [jvm.dll+0x732f1d]
V  [jvm.dll+0x733535]
V  [jvm.dll+0x7334eb]
V  [jvm.dll+0x5fb080]
V  [jvm.dll+0x5fb818]
C  [ntdll.dll+0xa209f]
C  [ntdll.dll+0x51454]
C  [ntdll.dll+0xa0bce]
C  0x000002171bae112d

VM_Operation (0x000000ff5baf1590): CollectForMetadataAllocation, mode: safepoint, requested by thread 0x00000217328fc800


---------------  P R O C E S S  ---------------

Threads class SMR info:
_java_thread_list=0x00000217386b9420, length=78, elements={
0x0000021717fcb800, 0x0000021731b8a000, 0x0000021731b94000, 0x0000021731be6000,
0x0000021731be7000, 0x0000021731be9000, 0x0000021731bef000, 0x0000021731bf4800,
0x0000021731bf6000, 0x0000021732659000, 0x0000021733cb7800, 0x0000021733fcb000,
0x00000217339af000, 0x00000217338c5000, 0x0000021733665000, 0x00000217325e7800,
0x00000217328fc800, 0x00000217327f0800, 0x00000217327f1800, 0x00000217327e1000,
0x00000217327de800, 0x00000217327e4800, 0x00000217327e2000, 0x00000217327df800,
0x00000217327e3800, 0x00000217327e3000, 0x00000217327e5800, 0x00000217327e0800,
0x0000021736c85000, 0x0000021736c81000, 0x0000021736c80000, 0x0000021736c82800,
0x0000021736c7f000, 0x0000021736c86000, 0x0000021736c89000, 0x0000021736c8c800,
0x0000021736c8a000, 0x0000021736c86800, 0x0000021736c8a800, 0x0000021736c8b800,
0x0000021736c8d000, 0x0000021736c88000, 0x0000021736c87800, 0x0000021736c8e000,
0x000002173285a800, 0x0000021732857800, 0x000002173285b800, 0x000002173285d000,
0x000002173285c800, 0x000002173285e000, 0x0000021732859000, 0x0000021732858800,
0x000002173285a000, 0x00000217345f3000, 0x00000217345f6000, 0x00000217345f4800,
0x00000217345f3800, 0x00000217345f5800, 0x00000217345f2000, 0x00000217345f7000,
0x00000217345f1800, 0x00000217345fc800, 0x00000217345fd800, 0x00000217345fb000,
0x00000217345fc000, 0x00000217345f9800, 0x00000217345f8000, 0x00000217345fa800,
0x00000217345fe800, 0x00000217345f8800, 0x00000217345ff000, 0x0000021734600000,
0x0000021734c83000, 0x0000021734c84000, 0x0000021734c84800, 0x0000021734c85800,
0x0000021734c81800, 0x0000021734c86000
}

Java Threads: ( => current thread )
  0x0000021717fcb800 JavaThread "main" [_thread_blocked, id=15196, stack(0x000000ff5a200000,0x000000ff5a300000)]
  0x0000021731b8a000 JavaThread "Reference Handler" daemon [_thread_blocked, id=15400, stack(0x000000ff5a900000,0x000000ff5aa00000)]
  0x0000021731b94000 JavaThread "Finalizer" daemon [_thread_blocked, id=16248, stack(0x000000ff5aa00000,0x000000ff5ab00000)]
  0x0000021731be6000 JavaThread "Signal Dispatcher" daemon [_thread_blocked, id=2548, stack(0x000000ff5ab00000,0x000000ff5ac00000)]
  0x0000021731be7000 JavaThread "Attach Listener" daemon [_thread_blocked, id=1852, stack(0x000000ff5ac00000,0x000000ff5ad00000)]
  0x0000021731be9000 JavaThread "Service Thread" daemon [_thread_blocked, id=14172, stack(0x000000ff5ad00000,0x000000ff5ae00000)]
  0x0000021731bef000 JavaThread "C2 CompilerThread0" daemon [_thread_blocked, id=9432, stack(0x000000ff5ae00000,0x000000ff5af00000)]
  0x0000021731bf4800 JavaThread "C1 CompilerThread0" daemon [_thread_blocked, id=2460, stack(0x000000ff5af00000,0x000000ff5b000000)]
  0x0000021731bf6000 JavaThread "Sweeper thread" daemon [_thread_blocked, id=2072, stack(0x000000ff5b000000,0x000000ff5b100000)]
  0x0000021732659000 JavaThread "Common-Cleaner" daemon [_thread_blocked, id=3912, stack(0x000000ff5b100000,0x000000ff5b200000)]
  0x0000021733cb7800 JavaThread "Daemon health stats" [_thread_blocked, id=14040, stack(0x000000ff5b400000,0x000000ff5b500000)]
  0x0000021733fcb000 JavaThread "Incoming local TCP Connector on port 59608" [_thread_in_native, id=12388, stack(0x000000ff5b500000,0x000000ff5b600000)]
  0x00000217339af000 JavaThread "Daemon periodic checks" [_thread_blocked, id=14060, stack(0x000000ff5b600000,0x000000ff5b700000)]
  0x00000217338c5000 JavaThread "Daemon" [_thread_blocked, id=14028, stack(0x000000ff5b700000,0x000000ff5b800000)]
  0x0000021733665000 JavaThread "Handler for socket connection from /127.0.0.1:59608 to /127.0.0.1:59609" [_thread_in_native, id=16272, stack(0x000000ff5b800000,0x000000ff5b900000)]
  0x00000217325e7800 JavaThread "Cancel handler" [_thread_blocked, id=14944, stack(0x000000ff5b900000,0x000000ff5ba00000)]
  0x00000217328fc800 JavaThread "Daemon worker" [_thread_blocked, id=4980, stack(0x000000ff5ba00000,0x000000ff5bb00000)]
  0x00000217327f0800 JavaThread "Asynchronous log dispatcher for DefaultDaemonConnection: socket connection from /127.0.0.1:59608 to /127.0.0.1:59609" [_thread_blocked, id=14160, stack(0x000000ff5bb00000,0x000000ff5bc00000)]
  0x00000217327f1800 JavaThread "Stdin handler" [_thread_blocked, id=2628, stack(0x000000ff5bc00000,0x000000ff5bd00000)]
  0x00000217327e1000 JavaThread "Daemon client event forwarder" [_thread_blocked, id=14156, stack(0x000000ff5bd00000,0x000000ff5be00000)]
  0x00000217327de800 JavaThread "Cache worker for journal cache (C:\Users\amol\.gradle\caches\journal-1)" [_thread_blocked, id=14784, stack(0x000000ff5c000000,0x000000ff5c100000)]
  0x00000217327e4800 JavaThread "File lock request listener" [_thread_in_native, id=1696, stack(0x000000ff5c100000,0x000000ff5c200000)]
  0x00000217327e2000 JavaThread "Cache worker for file hash cache (C:\Users\amol\.gradle\caches\7.3.3\fileHashes)" [_thread_blocked, id=9020, stack(0x000000ff5c200000,0x000000ff5c300000)]
  0x00000217327df800 JavaThread "Cache worker for file hash cache (C:\Users\amol\AndroidStudioProjects\ServiceEx\.gradle\7.3.3\fileHashes)" [_thread_blocked, id=9252, stack(0x000000ff5c300000,0x000000ff5c400000)]
  0x00000217327e3800 JavaThread "File watcher server" daemon [_thread_in_native, id=2272, stack(0x000000ff5c400000,0x000000ff5c500000)]
  0x00000217327e3000 JavaThread "File watcher consumer" daemon [_thread_blocked, id=10592, stack(0x000000ff5c500000,0x000000ff5c600000)]
  0x00000217327e5800 JavaThread "Cache worker for checksums cache (C:\Users\amol\AndroidStudioProjects\ServiceEx\.gradle\7.3.3\checksums)" [_thread_blocked, id=4072, stack(0x000000ff5c600000,0x000000ff5c700000)]
  0x00000217327e0800 JavaThread "Cache worker for cache directory md-supplier (C:\Users\amol\.gradle\caches\7.3.3\md-supplier)" [_thread_blocked, id=14000, stack(0x000000ff5c700000,0x000000ff5c800000)]
  0x0000021736c85000 JavaThread "Cache worker for cache directory md-rule (C:\Users\amol\.gradle\caches\7.3.3\md-rule)" [_thread_blocked, id=11704, stack(0x000000ff5c800000,0x000000ff5c900000)]
  0x0000021736c81000 JavaThread "Cache worker for execution history cache (C:\Users\amol\.gradle\caches\7.3.3\executionHistory)" [_thread_blocked, id=14836, stack(0x000000ff5c900000,0x000000ff5ca00000)]
  0x0000021736c80000 JavaThread "jar transforms" [_thread_blocked, id=12460, stack(0x000000ff5ca00000,0x000000ff5cb00000)]
  0x0000021736c82800 JavaThread "Cache worker for file content cache (C:\Users\amol\.gradle\caches\7.3.3\fileContent)" [_thread_blocked, id=14368, stack(0x000000ff5cb00000,0x000000ff5cc00000)]
  0x0000021736c7f000 JavaThread "jar transforms Thread 2" [_thread_blocked, id=16292, stack(0x000000ff5cc00000,0x000000ff5cd00000)]
  0x0000021736c86000 JavaThread "Cache worker for dependencies-accessors (C:\Users\amol\AndroidStudioProjects\ServiceEx\.gradle\7.3.3\dependencies-accessors)" [_thread_blocked, id=15764, stack(0x000000ff5cd00000,0x000000ff5ce00000)]
  0x0000021736c89000 JavaThread "jar transforms Thread 3" [_thread_blocked, id=16156, stack(0x000000ff5ce00000,0x000000ff5cf00000)]
  0x0000021736c8c800 JavaThread "Cache worker for Build Output Cleanup Cache (C:\Users\amol\AndroidStudioProjects\ServiceEx\.gradle\buildOutputCleanup)" [_thread_blocked, id=10564, stack(0x000000ff5cf00000,0x000000ff5d000000)]
  0x0000021736c8a000 JavaThread "Unconstrained build operations" [_thread_blocked, id=15816, stack(0x000000ff5d000000,0x000000ff5d100000)]
  0x0000021736c86800 JavaThread "Unconstrained build operations Thread 2" [_thread_blocked, id=3652, stack(0x000000ff5d100000,0x000000ff5d200000)]
  0x0000021736c8a800 JavaThread "Unconstrained build operations Thread 3" [_thread_blocked, id=15356, stack(0x000000ff5d200000,0x000000ff5d300000)]
  0x0000021736c8b800 JavaThread "Unconstrained build operations Thread 4" [_thread_blocked, id=14072, stack(0x000000ff5d300000,0x000000ff5d400000)]
  0x0000021736c8d000 JavaThread "Unconstrained build operations Thread 5" [_thread_blocked, id=8632, stack(0x000000ff5d400000,0x000000ff5d500000)]
  0x0000021736c88000 JavaThread "Unconstrained build operations Thread 6" [_thread_blocked, id=5340, stack(0x000000ff5d500000,0x000000ff5d600000)]
  0x0000021736c87800 JavaThread "Unconstrained build operations Thread 7" [_thread_blocked, id=12584, stack(0x000000ff5d600000,0x000000ff5d700000)]
  0x0000021736c8e000 JavaThread "Unconstrained build operations Thread 8" [_thread_blocked, id=16348, stack(0x000000ff5d700000,0x000000ff5d800000)]
  0x000002173285a800 JavaThread "Unconstrained build operations Thread 9" [_thread_blocked, id=8668, stack(0x000000ff5d800000,0x000000ff5d900000)]
  0x0000021732857800 JavaThread "Unconstrained build operations Thread 10" [_thread_blocked, id=8040, stack(0x000000ff5d900000,0x000000ff5da00000)]
  0x000002173285b800 JavaThread "Unconstrained build operations Thread 11" [_thread_blocked, id=10912, stack(0x000000ff5da00000,0x000000ff5db00000)]
  0x000002173285d000 JavaThread "Unconstrained build operations Thread 12" [_thread_blocked, id=14948, stack(0x000000ff5db00000,0x000000ff5dc00000)]
  0x000002173285c800 JavaThread "Unconstrained build operations Thread 13" [_thread_blocked, id=11020, stack(0x000000ff5dc00000,0x000000ff5dd00000)]
  0x000002173285e000 JavaThread "Unconstrained build operations Thread 14" [_thread_blocked, id=8708, stack(0x000000ff5dd00000,0x000000ff5de00000)]
  0x0000021732859000 JavaThread "Unconstrained build operations Thread 15" [_thread_blocked, id=14704, stack(0x000000ff5de00000,0x000000ff5df00000)]
  0x0000021732858800 JavaThread "Unconstrained build operations Thread 16" [_thread_blocked, id=14284, stack(0x000000ff5df00000,0x000000ff5e000000)]
  0x000002173285a000 JavaThread "Unconstrained build operations Thread 17" [_thread_blocked, id=1972, stack(0x000000ff5e000000,0x000000ff5e100000)]
  0x00000217345f3000 JavaThread "Unconstrained build operations Thread 18" [_thread_blocked, id=6744, stack(0x000000ff5e100000,0x000000ff5e200000)]
  0x00000217345f6000 JavaThread "Unconstrained build operations Thread 19" [_thread_blocked, id=14280, stack(0x000000ff5e200000,0x000000ff5e300000)]
  0x00000217345f4800 JavaThread "Unconstrained build operations Thread 20" [_thread_blocked, id=9296, stack(0x000000ff5e300000,0x000000ff5e400000)]
  0x00000217345f3800 JavaThread "Unconstrained build operations Thread 21" [_thread_blocked, id=3100, stack(0x000000ff5e400000,0x000000ff5e500000)]
  0x00000217345f5800 JavaThread "Unconstrained build operations Thread 22" [_thread_blocked, id=5332, stack(0x000000ff5e500000,0x000000ff5e600000)]
  0x00000217345f2000 JavaThread "Unconstrained build operations Thread 23" [_thread_blocked, id=6584, stack(0x000000ff5e600000,0x000000ff5e700000)]
  0x00000217345f7000 JavaThread "Unconstrained build operations Thread 24" [_thread_blocked, id=9344, stack(0x000000ff5e700000,0x000000ff5e800000)]
  0x00000217345f1800 JavaThread "Unconstrained build operations Thread 25" [_thread_blocked, id=3608, stack(0x000000ff5e800000,0x000000ff5e900000)]
  0x00000217345fc800 JavaThread "Unconstrained build operations Thread 26" [_thread_blocked, id=3688, stack(0x000000ff5e900000,0x000000ff5ea00000)]
  0x00000217345fd800 JavaThread "Unconstrained build operations Thread 27" [_thread_blocked, id=1712, stack(0x000000ff5ea00000,0x000000ff5eb00000)]
  0x00000217345fb000 JavaThread "Unconstrained build operations Thread 28" [_thread_blocked, id=8292, stack(0x000000ff5eb00000,0x000000ff5ec00000)]
  0x00000217345fc000 JavaThread "Unconstrained build operations Thread 29" [_thread_blocked, id=6300, stack(0x000000ff5ec00000,0x000000ff5ed00000)]
  0x00000217345f9800 JavaThread "Unconstrained build operations Thread 30" [_thread_blocked, id=6416, stack(0x000000ff5ed00000,0x000000ff5ee00000)]
  0x00000217345f8000 JavaThread "Unconstrained build operations Thread 31" [_thread_blocked, id=12828, stack(0x000000ff5ee00000,0x000000ff5ef00000)]
  0x00000217345fa800 JavaThread "Unconstrained build operations Thread 32" [_thread_blocked, id=1880, stack(0x000000ff5ef00000,0x000000ff5f000000)]
  0x00000217345fe800 JavaThread "Unconstrained build operations Thread 33" [_thread_blocked, id=10792, stack(0x000000ff5f000000,0x000000ff5f100000)]
  0x00000217345f8800 JavaThread "Unconstrained build operations Thread 34" [_thread_blocked, id=9368, stack(0x000000ff5f100000,0x000000ff5f200000)]
  0x00000217345ff000 JavaThread "Unconstrained build operations Thread 35" [_thread_blocked, id=4192, stack(0x000000ff5f200000,0x000000ff5f300000)]
  0x0000021734600000 JavaThread "Unconstrained build operations Thread 36" [_thread_blocked, id=7364, stack(0x000000ff5f300000,0x000000ff5f400000)]
  0x0000021734c83000 JavaThread "Unconstrained build operations Thread 37" [_thread_blocked, id=2728, stack(0x000000ff5f400000,0x000000ff5f500000)]
  0x0000021734c84000 JavaThread "Unconstrained build operations Thread 38" [_thread_blocked, id=15164, stack(0x000000ff5f500000,0x000000ff5f600000)]
  0x0000021734c84800 JavaThread "Unconstrained build operations Thread 39" [_thread_blocked, id=5284, stack(0x000000ff5f600000,0x000000ff5f700000)]
  0x0000021734c85800 JavaThread "Unconstrained build operations Thread 40" [_thread_blocked, id=11436, stack(0x000000ff5f700000,0x000000ff5f800000)]
  0x0000021734c81800 JavaThread "jar transforms Thread 4" [_thread_blocked, id=9792, stack(0x000000ff5f800000,0x000000ff5f900000)]
  0x0000021734c86000 JavaThread "Memory manager" [_thread_blocked, id=10492, stack(0x000000ff5f900000,0x000000ff5fa00000)]

Other Threads:
=>0x0000021731b85800 VMThread "VM Thread" [stack: 0x000000ff5a800000,0x000000ff5a900000] [id=5512]
  0x000002173267b000 WatcherThread [stack: 0x000000ff5b200000,0x000000ff5b300000] [id=8508]
  0x0000021717fe6800 GCTaskThread "GC Thread#0" [stack: 0x000000ff5a300000,0x000000ff5a400000] [id=3148]
  0x0000021732c14000 GCTaskThread "GC Thread#1" [stack: 0x000000ff5b300000,0x000000ff5b400000] [id=13468]
  0x000002173322b000 GCTaskThread "GC Thread#2" [stack: 0x000000ff5be00000,0x000000ff5bf00000] [id=10600]
  0x00000217333b8000 GCTaskThread "GC Thread#3" [stack: 0x000000ff5bf00000,0x000000ff5c000000] [id=14184]
  0x0000021718017800 ConcurrentGCThread "G1 Main Marker" [stack: 0x000000ff5a400000,0x000000ff5a500000] [id=11648]
  0x0000021718018800 ConcurrentGCThread "G1 Conc#0" [stack: 0x000000ff5a500000,0x000000ff5a600000] [id=10556]
  0x0000021718070800 ConcurrentGCThread "G1 Refine#0" [stack: 0x000000ff5a600000,0x000000ff5a700000] [id=8324]
  0x0000021718071800 ConcurrentGCThread "G1 Young RemSet Sampling" [stack: 0x000000ff5a700000,0x000000ff5a800000] [id=13228]

Threads with active compile tasks:

VM state:at safepoint (normal execution)

VM Mutex/Monitor currently owned by a thread:  ([mutex/lock_event])
[0x0000021717fc9370] Threads_lock - owner thread: 0x0000021731b85800
[0x0000021717fcaf90] Heap_lock - owner thread: 0x00000217328fc800

Heap address: 0x0000000080000000, size: 2048 MB, Compressed Oops mode: 32-bit
Narrow klass base: 0x0000000000000000, Narrow klass shift: 3
Compressed class space size: 1073741824 Address: 0x0000000100000000

Heap:
 garbage-first heap   total 114688K, used 51832K [0x0000000080000000, 0x0000000100000000)
  region size 1024K, 8 young (8192K), 5 survivors (5120K)
 Metaspace       used 62480K, capacity 63927K, committed 63948K, reserved 1118208K
  class space    used 7899K, capacity 8448K, committed 8448K, reserved 1048576K
Heap Regions: E=young(eden), S=young(survivor), O=old, HS=humongous(starts), HC=humongous(continues), CS=collection set, F=free, A=archive, TAMS=top-at-mark-start (previous, next)
|   0|0x0000000080000000, 0x0000000080100000, 0x0000000080100000|100%| O|  |TAMS 0x0000000080100000, 0x0000000080100000| Untracked 
|   1|0x0000000080100000, 0x0000000080200000, 0x0000000080200000|100%| O|  |TAMS 0x0000000080200000, 0x0000000080200000| Untracked 
|   2|0x0000000080200000, 0x0000000080300000, 0x0000000080300000|100%| O|  |TAMS 0x0000000080300000, 0x0000000080300000| Untracked 
|   3|0x0000000080300000, 0x0000000080400000, 0x0000000080400000|100%|HS|  |TAMS 0x0000000080400000, 0x0000000080400000| Complete 
|   4|0x0000000080400000, 0x0000000080500000, 0x0000000080500000|100%|HC|  |TAMS 0x0000000080500000, 0x0000000080500000| Complete 
|   5|0x0000000080500000, 0x0000000080600000, 0x0000000080600000|100%|HC|  |TAMS 0x0000000080600000, 0x0000000080600000| Complete 
|   6|0x0000000080600000, 0x0000000080700000, 0x0000000080700000|100%| O|  |TAMS 0x0000000080700000, 0x0000000080700000| Untracked 
|   7|0x0000000080700000, 0x0000000080800000, 0x0000000080800000|100%| O|  |TAMS 0x0000000080800000, 0x0000000080800000| Untracked 
|   8|0x0000000080800000, 0x0000000080900000, 0x0000000080900000|100%| O|  |TAMS 0x0000000080900000, 0x0000000080900000| Untracked 
|   9|0x0000000080900000, 0x0000000080a00000, 0x0000000080a00000|100%| O|  |TAMS 0x0000000080a00000, 0x0000000080a00000| Untracked 
|  10|0x0000000080a00000, 0x0000000080b00000, 0x0000000080b00000|100%| O|  |TAMS 0x0000000080b00000, 0x0000000080b00000| Untracked 
|  11|0x0000000080b00000, 0x0000000080c00000, 0x0000000080c00000|100%| O|  |TAMS 0x0000000080c00000, 0x0000000080c00000| Untracked 
|  12|0x0000000080c00000, 0x0000000080d00000, 0x0000000080d00000|100%| O|  |TAMS 0x0000000080d00000, 0x0000000080d00000| Untracked 
|  13|0x0000000080d00000, 0x0000000080e00000, 0x0000000080e00000|100%| O|  |TAMS 0x0000000080e00000, 0x0000000080e00000| Untracked 
|  14|0x0000000080e00000, 0x0000000080f00000, 0x0000000080f00000|100%| O|  |TAMS 0x0000000080f00000, 0x0000000080f00000| Untracked 
|  15|0x0000000080f00000, 0x0000000081000000, 0x0000000081000000|100%| O|  |TAMS 0x0000000081000000, 0x0000000081000000| Untracked 
|  16|0x0000000081000000, 0x0000000081100000, 0x0000000081100000|100%| O|  |TAMS 0x0000000081100000, 0x0000000081100000| Untracked 
|  17|0x0000000081100000, 0x0000000081200000, 0x0000000081200000|100%| O|  |TAMS 0x0000000081200000, 0x0000000081200000| Untracked 
|  18|0x0000000081200000, 0x0000000081300000, 0x0000000081300000|100%| O|  |TAMS 0x0000000081300000, 0x0000000081300000| Untracked 
|  19|0x0000000081300000, 0x0000000081400000, 0x0000000081400000|100%| O|  |TAMS 0x0000000081400000, 0x0000000081400000| Untracked 
|  20|0x0000000081400000, 0x0000000081500000, 0x0000000081500000|100%| O|  |TAMS 0x0000000081500000, 0x0000000081500000| Untracked 
|  21|0x0000000081500000, 0x0000000081600000, 0x0000000081600000|100%| O|  |TAMS 0x0000000081600000, 0x0000000081600000| Untracked 
|  22|0x0000000081600000, 0x0000000081700000, 0x0000000081700000|100%| O|  |TAMS 0x0000000081700000, 0x0000000081700000| Untracked 
|  23|0x0000000081700000, 0x0000000081800000, 0x0000000081800000|100%| O|  |TAMS 0x0000000081800000, 0x0000000081800000| Untracked 
|  24|0x0000000081800000, 0x0000000081900000, 0x0000000081900000|100%| O|  |TAMS 0x0000000081900000, 0x0000000081900000| Untracked 
|  25|0x0000000081900000, 0x0000000081a00000, 0x0000000081a00000|100%| O|  |TAMS 0x0000000081a00000, 0x0000000081a00000| Untracked 
|  26|0x0000000081a00000, 0x0000000081b00000, 0x0000000081b00000|100%| O|  |TAMS 0x0000000081b00000, 0x0000000081b00000| Untracked 
|  27|0x0000000081b00000, 0x0000000081c00000, 0x0000000081c00000|100%| O|  |TAMS 0x0000000081c00000, 0x0000000081c00000| Untracked 
|  28|0x0000000081c00000, 0x0000000081d00000, 0x0000000081d00000|100%| O|  |TAMS 0x0000000081d00000, 0x0000000081d00000| Untracked 
|  29|0x0000000081d00000, 0x0000000081e00000, 0x0000000081e00000|100%|HS|  |TAMS 0x0000000081e00000, 0x0000000081e00000| Complete 
|  30|0x0000000081e00000, 0x0000000081f00000, 0x0000000081f00000|100%|HS|  |TAMS 0x0000000081f00000, 0x0000000081f00000| Complete 
|  31|0x0000000081f00000, 0x0000000082000000, 0x0000000082000000|100%| O|  |TAMS 0x0000000082000000, 0x0000000082000000| Untracked 
|  32|0x0000000082000000, 0x0000000082100000, 0x0000000082100000|100%| O|  |TAMS 0x0000000082100000, 0x0000000082100000| Untracked 
|  33|0x0000000082100000, 0x0000000082200000, 0x0000000082200000|100%|HS|  |TAMS 0x0000000082200000, 0x0000000082200000| Complete 
|  34|0x0000000082200000, 0x0000000082300000, 0x0000000082300000|100%|HC|  |TAMS 0x0000000082300000, 0x0000000082300000| Complete 
|  35|0x0000000082300000, 0x0000000082400000, 0x0000000082400000|100%| O|  |TAMS 0x0000000082400000, 0x0000000082400000| Untracked 
|  36|0x0000000082400000, 0x0000000082500000, 0x0000000082500000|100%| O|  |TAMS 0x0000000082500000, 0x0000000082500000| Untracked 
|  37|0x0000000082500000, 0x0000000082600000, 0x0000000082600000|100%| O|  |TAMS 0x0000000082600000, 0x0000000082600000| Untracked 
|  38|0x0000000082600000, 0x0000000082700000, 0x0000000082700000|100%| O|  |TAMS 0x0000000082700000, 0x0000000082700000| Untracked 
|  39|0x0000000082700000, 0x0000000082800000, 0x0000000082800000|100%| O|  |TAMS 0x0000000082800000, 0x0000000082800000| Untracked 
|  40|0x0000000082800000, 0x0000000082900000, 0x0000000082900000|100%| O|  |TAMS 0x0000000082900000, 0x0000000082900000| Untracked 
|  41|0x0000000082900000, 0x0000000082a00000, 0x0000000082a00000|100%| O|  |TAMS 0x0000000082a00000, 0x0000000082a00000| Untracked 
|  42|0x0000000082a00000, 0x0000000082b00000, 0x0000000082b00000|100%| O|  |TAMS 0x0000000082b00000, 0x0000000082b00000| Untracked 
|  43|0x0000000082b00000, 0x0000000082c00000, 0x0000000082c00000|100%| O|  |TAMS 0x0000000082c00000, 0x0000000082c00000| Untracked 
|  44|0x0000000082c00000, 0x0000000082c00000, 0x0000000082d00000|  0%| F|  |TAMS 0x0000000082c00000, 0x0000000082c00000| Untracked 
|  45|0x0000000082d00000, 0x0000000082d00000, 0x0000000082e00000|  0%| F|  |TAMS 0x0000000082d00000, 0x0000000082d00000| Untracked 
|  46|0x0000000082e00000, 0x0000000082e00000, 0x0000000082f00000|  0%| F|  |TAMS 0x0000000082e00000, 0x0000000082e00000| Untracked 
|  47|0x0000000082f00000, 0x0000000082f00000, 0x0000000083000000|  0%| F|  |TAMS 0x0000000082f00000, 0x0000000082f00000| Untracked 
|  48|0x0000000083000000, 0x0000000083000000, 0x0000000083100000|  0%| F|  |TAMS 0x0000000083000000, 0x0000000083000000| Untracked 
|  49|0x0000000083100000, 0x0000000083100000, 0x0000000083200000|  0%| F|  |TAMS 0x0000000083100000, 0x0000000083100000| Untracked 
|  50|0x0000000083200000, 0x0000000083200000, 0x0000000083300000|  0%| F|  |TAMS 0x0000000083200000, 0x0000000083200000| Untracked 
|  51|0x0000000083300000, 0x0000000083300000, 0x0000000083400000|  0%| F|  |TAMS 0x0000000083300000, 0x0000000083300000| Untracked 
|  52|0x0000000083400000, 0x0000000083400000, 0x0000000083500000|  0%| F|  |TAMS 0x0000000083400000, 0x0000000083400000| Untracked 
|  53|0x0000000083500000, 0x0000000083500000, 0x0000000083600000|  0%| F|  |TAMS 0x0000000083500000, 0x0000000083500000| Untracked 
|  54|0x0000000083600000, 0x0000000083600000, 0x0000000083700000|  0%| F|  |TAMS 0x0000000083600000, 0x0000000083600000| Untracked 
|  55|0x0000000083700000, 0x0000000083700000, 0x0000000083800000|  0%| F|  |TAMS 0x0000000083700000, 0x0000000083700000| Untracked 
|  56|0x0000000083800000, 0x0000000083800000, 0x0000000083900000|  0%| F|  |TAMS 0x0000000083800000, 0x0000000083800000| Untracked 
|  57|0x0000000083900000, 0x0000000083900000, 0x0000000083a00000|  0%| F|  |TAMS 0x0000000083900000, 0x0000000083900000| Untracked 
|  58|0x0000000083a00000, 0x0000000083a00000, 0x0000000083b00000|  0%| F|  |TAMS 0x0000000083a00000, 0x0000000083a00000| Untracked 
|  59|0x0000000083b00000, 0x0000000083b00000, 0x0000000083c00000|  0%| F|  |TAMS 0x0000000083b00000, 0x0000000083b00000| Untracked 
|  60|0x0000000083c00000, 0x0000000083c00000, 0x0000000083d00000|  0%| F|  |TAMS 0x0000000083c00000, 0x0000000083c00000| Untracked 
|  61|0x0000000083d00000, 0x0000000083d00000, 0x0000000083e00000|  0%| F|  |TAMS 0x0000000083d00000, 0x0000000083d00000| Untracked 
|  62|0x0000000083e00000, 0x0000000083e00000, 0x0000000083f00000|  0%| F|  |TAMS 0x0000000083e00000, 0x0000000083e00000| Untracked 
|  63|0x0000000083f00000, 0x0000000083f00000, 0x0000000084000000|  0%| F|  |TAMS 0x0000000083f00000, 0x0000000083f00000| Untracked 
|  64|0x0000000084000000, 0x0000000084000000, 0x0000000084100000|  0%| F|  |TAMS 0x0000000084000000, 0x0000000084000000| Untracked 
|  65|0x0000000084100000, 0x0000000084100000, 0x0000000084200000|  0%| F|  |TAMS 0x0000000084100000, 0x0000000084100000| Untracked 
|  66|0x0000000084200000, 0x0000000084200000, 0x0000000084300000|  0%| F|  |TAMS 0x0000000084200000, 0x0000000084200000| Untracked 
|  67|0x0000000084300000, 0x0000000084300000, 0x0000000084400000|  0%| F|  |TAMS 0x0000000084300000, 0x0000000084300000| Untracked 
|  68|0x0000000084400000, 0x0000000084400000, 0x0000000084500000|  0%| F|  |TAMS 0x0000000084400000, 0x0000000084400000| Untracked 
|  69|0x0000000084500000, 0x0000000084500000, 0x0000000084600000|  0%| F|  |TAMS 0x0000000084500000, 0x0000000084500000| Untracked 
|  70|0x0000000084600000, 0x0000000084600000, 0x0000000084700000|  0%| F|  |TAMS 0x0000000084600000, 0x0000000084600000| Untracked 
|  71|0x0000000084700000, 0x0000000084700000, 0x0000000084800000|  0%| F|  |TAMS 0x0000000084700000, 0x0000000084700000| Untracked 
|  72|0x0000000084800000, 0x0000000084800000, 0x0000000084900000|  0%| F|  |TAMS 0x0000000084800000, 0x0000000084800000| Untracked 
|  73|0x0000000084900000, 0x0000000084900000, 0x0000000084a00000|  0%| F|  |TAMS 0x0000000084900000, 0x0000000084900000| Untracked 
|  74|0x0000000084a00000, 0x0000000084a00000, 0x0000000084b00000|  0%| F|  |TAMS 0x0000000084a00000, 0x0000000084a00000| Untracked 
|  75|0x0000000084b00000, 0x0000000084b00000, 0x0000000084c00000|  0%| F|  |TAMS 0x0000000084b00000, 0x0000000084b00000| Untracked 
|  76|0x0000000084c00000, 0x0000000084c00000, 0x0000000084d00000|  0%| F|  |TAMS 0x0000000084c00000, 0x0000000084c00000| Untracked 
|  77|0x0000000084d00000, 0x0000000084d00000, 0x0000000084e00000|  0%| F|  |TAMS 0x0000000084d00000, 0x0000000084d00000| Untracked 
|  78|0x0000000084e00000, 0x0000000084e9e3c0, 0x0000000084f00000| 61%| S|CS|TAMS 0x0000000084e00000, 0x0000000084e00000| Complete 
|  79|0x0000000084f00000, 0x0000000085000000, 0x0000000085000000|100%| S|CS|TAMS 0x0000000084f00000, 0x0000000084f00000| Complete 
|  80|0x0000000085000000, 0x0000000085100000, 0x0000000085100000|100%| S|CS|TAMS 0x0000000085000000, 0x0000000085000000| Complete 
|  81|0x0000000085100000, 0x0000000085200000, 0x0000000085200000|100%| S|CS|TAMS 0x0000000085100000, 0x0000000085100000| Complete 
|  82|0x0000000085200000, 0x0000000085300000, 0x0000000085300000|100%| S|CS|TAMS 0x0000000085200000, 0x0000000085200000| Complete 
|  83|0x0000000085300000, 0x0000000085300000, 0x0000000085400000|  0%| F|  |TAMS 0x0000000085300000, 0x0000000085300000| Untracked 
|  84|0x0000000085400000, 0x0000000085400000, 0x0000000085500000|  0%| F|  |TAMS 0x0000000085400000, 0x0000000085400000| Untracked 
|  85|0x0000000085500000, 0x0000000085500000, 0x0000000085600000|  0%| F|  |TAMS 0x0000000085500000, 0x0000000085500000| Untracked 
|  86|0x0000000085600000, 0x0000000085600000, 0x0000000085700000|  0%| F|  |TAMS 0x0000000085600000, 0x0000000085600000| Untracked 
|  87|0x0000000085700000, 0x0000000085700000, 0x0000000085800000|  0%| F|  |TAMS 0x0000000085700000, 0x0000000085700000| Untracked 
|  88|0x0000000085800000, 0x0000000085800000, 0x0000000085900000|  0%| F|  |TAMS 0x0000000085800000, 0x0000000085800000| Untracked 
|  89|0x0000000085900000, 0x0000000085900000, 0x0000000085a00000|  0%| F|  |TAMS 0x0000000085900000, 0x0000000085900000| Untracked 
|  90|0x0000000085a00000, 0x0000000085a00000, 0x0000000085b00000|  0%| F|  |TAMS 0x0000000085a00000, 0x0000000085a00000| Untracked 
|  91|0x0000000085b00000, 0x0000000085b00000, 0x0000000085c00000|  0%| F|  |TAMS 0x0000000085b00000, 0x0000000085b00000| Untracked 
|  92|0x0000000085c00000, 0x0000000085c00000, 0x0000000085d00000|  0%| F|  |TAMS 0x0000000085c00000, 0x0000000085c00000| Untracked 
|  93|0x0000000085d00000, 0x0000000085d00000, 0x0000000085e00000|  0%| F|  |TAMS 0x0000000085d00000, 0x0000000085d00000| Untracked 
|  94|0x0000000085e00000, 0x0000000085e00000, 0x0000000085f00000|  0%| F|  |TAMS 0x0000000085e00000, 0x0000000085e00000| Untracked 
|  95|0x0000000085f00000, 0x0000000085f00000, 0x0000000086000000|  0%| F|  |TAMS 0x0000000085f00000, 0x0000000085f00000| Untracked 
|  96|0x0000000086000000, 0x0000000086000000, 0x0000000086100000|  0%| F|  |TAMS 0x0000000086000000, 0x0000000086000000| Untracked 
|  97|0x0000000086100000, 0x0000000086100000, 0x0000000086200000|  0%| F|  |TAMS 0x0000000086100000, 0x0000000086100000| Untracked 
|  98|0x0000000086200000, 0x0000000086200000, 0x0000000086300000|  0%| F|  |TAMS 0x0000000086200000, 0x0000000086200000| Untracked 
|  99|0x0000000086300000, 0x0000000086300000, 0x0000000086400000|  0%| F|  |TAMS 0x0000000086300000, 0x0000000086300000| Untracked 
| 100|0x0000000086400000, 0x0000000086400000, 0x0000000086500000|  0%| F|  |TAMS 0x0000000086400000, 0x0000000086400000| Untracked 
| 101|0x0000000086500000, 0x0000000086500000, 0x0000000086600000|  0%| F|  |TAMS 0x0000000086500000, 0x0000000086500000| Untracked 
| 102|0x0000000086600000, 0x0000000086600000, 0x0000000086700000|  0%| F|  |TAMS 0x0000000086600000, 0x0000000086600000| Untracked 
| 103|0x0000000086700000, 0x0000000086700000, 0x0000000086800000|  0%| F|  |TAMS 0x0000000086700000, 0x0000000086700000| Untracked 
| 104|0x0000000086800000, 0x0000000086800000, 0x0000000086900000|  0%| F|  |TAMS 0x0000000086800000, 0x0000000086800000| Untracked 
| 105|0x0000000086900000, 0x0000000086900000, 0x0000000086a00000|  0%| F|  |TAMS 0x0000000086900000, 0x0000000086900000| Untracked 
| 106|0x0000000086a00000, 0x0000000086a00000, 0x0000000086b00000|  0%| F|  |TAMS 0x0000000086a00000, 0x0000000086a00000| Untracked 
| 107|0x0000000086b00000, 0x0000000086b00000, 0x0000000086c00000|  0%| F|  |TAMS 0x0000000086b00000, 0x0000000086b00000| Untracked 
| 108|0x0000000086c00000, 0x0000000086c00000, 0x0000000086d00000|  0%| F|  |TAMS 0x0000000086c00000, 0x0000000086c00000| Untracked 
| 109|0x0000000086d00000, 0x0000000086d891d8, 0x0000000086e00000| 53%| E|  |TAMS 0x0000000086d00000, 0x0000000086d00000| Complete 
| 110|0x0000000086e00000, 0x0000000086f00000, 0x0000000086f00000|100%| E|CS|TAMS 0x0000000086e00000, 0x0000000086e00000| Complete 
| 111|0x0000000086f00000, 0x0000000087000000, 0x0000000087000000|100%| E|CS|TAMS 0x0000000086f00000, 0x0000000086f00000| Complete 

Card table byte_map: [0x000002172aee0000,0x000002172b2e0000] _byte_map_base: 0x000002172aae0000

Marking Bits (Prev, Next): (CMBitMap*) 0x000002171800e720, (CMBitMap*) 0x000002171800e6e8
 Prev Bits: [0x000002172d6e0000, 0x000002172f6e0000)
 Next Bits: [0x000002172b6e0000, 0x000002172d6e0000)

Polling page: 0x0000021715e00000

Metaspace:

Usage:
  Non-class:     54.18 MB capacity,    53.30 MB ( 98%) used,   738.12 KB (  1%) free+waste,   159.75 KB ( <1%) overhead. 
      Class:      8.25 MB capacity,     7.71 MB ( 94%) used,   473.79 KB (  6%) free+waste,    74.94 KB ( <1%) overhead. 
       Both:     62.43 MB capacity,    61.02 MB ( 98%) used,     1.18 MB (  2%) free+waste,   234.69 KB ( <1%) overhead. 

Virtual space:
  Non-class space:       68.00 MB reserved,      54.20 MB ( 80%) committed 
      Class space:        1.00 GB reserved,       8.25 MB ( <1%) committed 
             Both:        1.07 GB reserved,      62.45 MB (  6%) committed 

Chunk freelists:
   Non-Class:  21.00 KB
       Class:  0 bytes
        Both:  21.00 KB

MaxMetaspaceSize: 17179869184.00 GB
CompressedClassSpaceSize: 1.00 GB
Initial GC threshold: 20.80 MB
Current GC threshold: 99.73 MB
CDS: off

CodeHeap 'non-profiled nmethods': size=120064Kb used=2750Kb max_used=2750Kb free=117314Kb
 bounds [0x00000217235a0000, 0x0000021723850000, 0x000002172aae0000]
CodeHeap 'profiled nmethods': size=120000Kb used=12351Kb max_used=12351Kb free=107649Kb
 bounds [0x000002171c070000, 0x000002171cc80000, 0x00000217235a0000]
CodeHeap 'non-nmethods': size=5696Kb used=2333Kb max_used=2371Kb free=3362Kb
 bounds [0x000002171bae0000, 0x000002171bd50000, 0x000002171c070000]
 total_blobs=6934 nmethods=6089 adapters=756
 compilation: enabled
              stopped_count=0, restarted_count=0
 full_count=0

Compilation events (20 events):
Event: 23.977 Thread 0x0000021731bf4800 6158       3       org.gradle.api.internal.provider.AbstractProperty::beforeRead (29 bytes)
Event: 23.977 Thread 0x0000021731bf4800 nmethod 6158 0x000002171cc7d410 code [0x000002171cc7d600, 0x000002171cc7da48]
Event: 23.977 Thread 0x0000021731bf4800 6159       3       org.gradle.internal.instantiation.generator.DefaultInstantiationScheme::withServices (25 bytes)
Event: 23.977 Thread 0x0000021731bf4800 nmethod 6159 0x000002171cc7db90 code [0x000002171cc7dd40, 0x000002171cc7dee8]
Event: 23.977 Thread 0x0000021731bf4800 6160       3       org.gradle.api.internal.provider.DefaultProperty::calculateValueFrom (10 bytes)
Event: 23.978 Thread 0x0000021731bf4800 nmethod 6160 0x000002171cc7df90 code [0x000002171cc7e160, 0x000002171cc7e508]
Event: 23.978 Thread 0x0000021731bf4800 6161       3       org.gradle.api.internal.provider.DefaultProperty::calculateValueFrom (8 bytes)
Event: 23.978 Thread 0x0000021731bf4800 nmethod 6161 0x000002171cc7e610 code [0x000002171cc7e7c0, 0x000002171cc7e988]
Event: 24.067 Thread 0x0000021731bef000 6162       4       java.lang.ThreadLocal$ThreadLocalMap::getEntry (42 bytes)
Event: 24.072 Thread 0x0000021731bef000 nmethod 6162 0x000002172384db10 code [0x000002172384dcc0, 0x000002172384de08]
Event: 24.095 Thread 0x0000021731bf4800 6163  s    3       java.util.jar.JarFile::getInputStream (72 bytes)
Event: 24.096 Thread 0x0000021731bf4800 nmethod 6163 0x000002171cc7ea90 code [0x000002171cc7ecc0, 0x000002171cc7f2d8]
Event: 24.107 Thread 0x0000021731bef000 6164       4       java.security.CodeSource::matchCerts (254 bytes)
Event: 24.116 Thread 0x0000021731bef000 nmethod 6164 0x000002172384df10 code [0x000002172384e0c0, 0x000002172384e388]
Event: 24.116 Thread 0x0000021731bef000 6165       4       java.util.zip.InflaterInputStream::<init> (79 bytes)
Event: 24.133 Thread 0x0000021731bf4800 6166   !   3       java.net.URLClassLoader$1::run (63 bytes)
Event: 24.133 Thread 0x0000021731bef000 nmethod 6165 0x000002172384e690 code [0x000002172384e840, 0x000002172384eed8]
Event: 24.133 Thread 0x0000021731bf4800 nmethod 6166 0x000002171cc7f490 code [0x000002171cc7f6a0, 0x000002171cc7fa08]
Event: 24.134 Thread 0x0000021731bef000 6167  s    4       java.util.Vector::addElement (24 bytes)
Event: 24.142 Thread 0x0000021731bef000 nmethod 6167 0x000002172384f090 code [0x000002172384f240, 0x000002172384f688]

GC Heap History (20 events):
Event: 11.270 GC heap before
{Heap before GC invocations=13 (full 0):
 garbage-first heap   total 65536K, used 47224K [0x0000000080000000, 0x0000000100000000)
  region size 1024K, 29 young (29696K), 4 survivors (4096K)
 Metaspace       used 37023K, capacity 37893K, committed 38092K, reserved 1083392K
  class space    used 4767K, capacity 5115K, committed 5120K, reserved 1048576K
}
Event: 11.287 GC heap after
{Heap after GC invocations=14 (full 0):
 garbage-first heap   total 78848K, used 26071K [0x0000000080000000, 0x0000000100000000)
  region size 1024K, 4 young (4096K), 4 survivors (4096K)
 Metaspace       used 37023K, capacity 37893K, committed 38092K, reserved 1083392K
  class space    used 4767K, capacity 5115K, committed 5120K, reserved 1048576K
}
Event: 12.238 GC heap before
{Heap before GC invocations=14 (full 0):
 garbage-first heap   total 78848K, used 58839K [0x0000000080000000, 0x0000000100000000)
  region size 1024K, 34 young (34816K), 4 survivors (4096K)
 Metaspace       used 39396K, capacity 40348K, committed 40396K, reserved 1085440K
  class space    used 5028K, capacity 5354K, committed 5376K, reserved 1048576K
}
Event: 12.253 GC heap after
{Heap after GC invocations=15 (full 0):
 garbage-first heap   total 78848K, used 27719K [0x0000000080000000, 0x0000000100000000)
  region size 1024K, 5 young (5120K), 5 survivors (5120K)
 Metaspace       used 39396K, capacity 40348K, committed 40396K, reserved 1085440K
  class space    used 5028K, capacity 5354K, committed 5376K, reserved 1048576K
}
Event: 13.418 GC heap before
{Heap before GC invocations=15 (full 0):
 garbage-first heap   total 78848K, used 57415K [0x0000000080000000, 0x0000000100000000)
  region size 1024K, 34 young (34816K), 5 survivors (5120K)
 Metaspace       used 41925K, capacity 42857K, committed 43084K, reserved 1087488K
  class space    used 5397K, capacity 5755K, committed 5760K, reserved 1048576K
}
Event: 13.431 GC heap after
{Heap after GC invocations=16 (full 0):
 garbage-first heap   total 78848K, used 29257K [0x0000000080000000, 0x0000000100000000)
  region size 1024K, 4 young (4096K), 4 survivors (4096K)
 Metaspace       used 41925K, capacity 42857K, committed 43084K, reserved 1087488K
  class space    used 5397K, capacity 5755K, committed 5760K, reserved 1048576K
}
Event: 14.222 GC heap before
{Heap before GC invocations=16 (full 0):
 garbage-first heap   total 78848K, used 59977K [0x0000000080000000, 0x0000000100000000)
  region size 1024K, 34 young (34816K), 4 survivors (4096K)
 Metaspace       used 44751K, capacity 45843K, committed 46028K, reserved 1089536K
  class space    used 5751K, capacity 6131K, committed 6144K, reserved 1048576K
}
Event: 14.234 GC heap after
{Heap after GC invocations=17 (full 0):
 garbage-first heap   total 78848K, used 30620K [0x0000000080000000, 0x0000000100000000)
  region size 1024K, 3 young (3072K), 3 survivors (3072K)
 Metaspace       used 44751K, capacity 45843K, committed 46028K, reserved 1089536K
  class space    used 5751K, capacity 6131K, committed 6144K, reserved 1048576K
}
Event: 14.967 GC heap before
{Heap before GC invocations=17 (full 0):
 garbage-first heap   total 78848K, used 61340K [0x0000000080000000, 0x0000000100000000)
  region size 1024K, 33 young (33792K), 3 survivors (3072K)
 Metaspace       used 47048K, capacity 48094K, committed 48204K, reserved 1091584K
  class space    used 6079K, capacity 6480K, committed 6528K, reserved 1048576K
}
Event: 14.980 GC heap after
{Heap after GC invocations=18 (full 0):
 garbage-first heap   total 95232K, used 31462K [0x0000000080000000, 0x0000000100000000)
  region size 1024K, 2 young (2048K), 2 survivors (2048K)
 Metaspace       used 47048K, capacity 48094K, committed 48204K, reserved 1091584K
  class space    used 6079K, capacity 6480K, committed 6528K, reserved 1048576K
}
Event: 18.040 GC heap before
{Heap before GC invocations=18 (full 0):
 garbage-first heap   total 95232K, used 69350K [0x0000000080000000, 0x0000000100000000)
  region size 1024K, 38 young (38912K), 2 survivors (2048K)
 Metaspace       used 48462K, capacity 49589K, committed 49612K, reserved 1091584K
  class space    used 6197K, capacity 6649K, committed 6656K, reserved 1048576K
}
Event: 18.052 GC heap after
{Heap after GC invocations=19 (full 0):
 garbage-first heap   total 95232K, used 38056K [0x0000000080000000, 0x0000000100000000)
  region size 1024K, 5 young (5120K), 5 survivors (5120K)
 Metaspace       used 48462K, capacity 49589K, committed 49612K, reserved 1091584K
  class space    used 6197K, capacity 6649K, committed 6656K, reserved 1048576K
}
Event: 19.887 GC heap before
{Heap before GC invocations=19 (full 0):
 garbage-first heap   total 95232K, used 74920K [0x0000000080000000, 0x0000000100000000)
  region size 1024K, 40 young (40960K), 5 survivors (5120K)
 Metaspace       used 51828K, capacity 53094K, committed 53196K, reserved 1095680K
  class space    used 6621K, capacity 7082K, committed 7168K, reserved 1048576K
}
Event: 19.909 GC heap after
{Heap after GC invocations=20 (full 0):
 garbage-first heap   total 95232K, used 45405K [0x0000000080000000, 0x0000000100000000)
  region size 1024K, 5 young (5120K), 5 survivors (5120K)
 Metaspace       used 51828K, capacity 53094K, committed 53196K, reserved 1095680K
  class space    used 6621K, capacity 7082K, committed 7168K, reserved 1048576K
}
Event: 21.080 GC heap before
{Heap before GC invocations=20 (full 0):
 garbage-first heap   total 95232K, used 76125K [0x0000000080000000, 0x0000000100000000)
  region size 1024K, 35 young (35840K), 5 survivors (5120K)
 Metaspace       used 56345K, capacity 57698K, committed 57804K, reserved 1099776K
  class space    used 7167K, capacity 7655K, committed 7680K, reserved 1048576K
}
Event: 21.105 GC heap after
{Heap after GC invocations=21 (full 0):
 garbage-first heap   total 95232K, used 46359K [0x0000000080000000, 0x0000000100000000)
  region size 1024K, 2 young (2048K), 2 survivors (2048K)
 Metaspace       used 56345K, capacity 57698K, committed 57804K, reserved 1099776K
  class space    used 7167K, capacity 7655K, committed 7680K, reserved 1048576K
}
Event: 22.486 GC heap before
{Heap before GC invocations=21 (full 0):
 garbage-first heap   total 95232K, used 61719K [0x0000000080000000, 0x0000000100000000)
  region size 1024K, 18 young (18432K), 2 survivors (2048K)
 Metaspace       used 58789K, capacity 60156K, committed 60288K, reserved 1101824K
  class space    used 7425K, capacity 7936K, committed 7936K, reserved 1048576K
}
Event: 22.497 GC heap after
{Heap after GC invocations=22 (full 0):
 garbage-first heap   total 114688K, used 46940K [0x0000000080000000, 0x0000000100000000)
  region size 1024K, 2 young (2048K), 2 survivors (2048K)
 Metaspace       used 58789K, capacity 60156K, committed 60288K, reserved 1101824K
  class space    used 7425K, capacity 7936K, committed 7936K, reserved 1048576K
}
Event: 23.981 GC heap before
{Heap before GC invocations=23 (full 0):
 garbage-first heap   total 114688K, used 74588K [0x0000000080000000, 0x0000000100000000)
  region size 1024K, 31 young (31744K), 2 survivors (2048K)
 Metaspace       used 62171K, capacity 63639K, committed 63692K, reserved 1110016K
  class space    used 7852K, capacity 8416K, committed 8448K, reserved 1048576K
}
Event: 24.039 GC heap after
{Heap after GC invocations=24 (full 0):
 garbage-first heap   total 114688K, used 49784K [0x0000000080000000, 0x0000000100000000)
  region size 1024K, 5 young (5120K), 5 survivors (5120K)
 Metaspace       used 62171K, capacity 63639K, committed 63692K, reserved 1110016K
  class space    used 7852K, capacity 8416K, committed 8448K, reserved 1048576K
}

Deoptimization events (20 events):
Event: 23.264 Thread 0x00000217328fc800 Uncommon trap: trap_request=0xffffff4d fr.pc=0x00000217237ed664 relative=0x0000000000002724
Event: 23.264 Thread 0x00000217328fc800 Uncommon trap: reason=unstable_if action=reinterpret pc=0x00000217237ed664 method=java.util.jar.JarFile.maybeInstantiateVerifier()V @ 4 c2
Event: 23.264 Thread 0x00000217328fc800 DEOPT PACKING pc=0x00000217237ed664 sp=0x000000ff5baf4320
Event: 23.264 Thread 0x00000217328fc800 DEOPT UNPACKING pc=0x000002171bb2a1af sp=0x000000ff5baf42b0 mode 2
Event: 23.268 Thread 0x00000217328fc800 Uncommon trap: trap_request=0xffffff4d fr.pc=0x000002172371fd90 relative=0x0000000000000070
Event: 23.268 Thread 0x00000217328fc800 Uncommon trap: reason=unstable_if action=reinterpret pc=0x000002172371fd90 method=java.security.CodeSource.getCertificates()[Ljava/security/cert/Certificate; @ 22 c2
Event: 23.268 Thread 0x00000217328fc800 DEOPT PACKING pc=0x000002172371fd90 sp=0x000000ff5baf4110
Event: 23.268 Thread 0x00000217328fc800 DEOPT UNPACKING pc=0x000002171bb2a1af sp=0x000000ff5baf4098 mode 2
Event: 23.322 Thread 0x00000217328fc800 Uncommon trap: trap_request=0xffffff4d fr.pc=0x000002172383bf28 relative=0x0000000000000268
Event: 23.322 Thread 0x00000217328fc800 Uncommon trap: reason=unstable_if action=reinterpret pc=0x000002172383bf28 method=java.util.LinkedHashMap.get(Ljava/lang/Object;)Ljava/lang/Object; @ 20 c2
Event: 23.322 Thread 0x00000217328fc800 DEOPT PACKING pc=0x000002172383bf28 sp=0x000000ff5baf36a0
Event: 23.323 Thread 0x00000217328fc800 DEOPT UNPACKING pc=0x000002171bb2a1af sp=0x000000ff5baf3658 mode 2
Event: 23.341 Thread 0x00000217328fc800 Uncommon trap: trap_request=0xffffff4d fr.pc=0x0000021723668b54 relative=0x0000000000000414
Event: 23.341 Thread 0x00000217328fc800 Uncommon trap: reason=unstable_if action=reinterpret pc=0x0000021723668b54 method=java.lang.StringLatin1.regionMatchesCI([BI[BII)Z @ 66 c2
Event: 23.341 Thread 0x00000217328fc800 DEOPT PACKING pc=0x0000021723668b54 sp=0x000000ff5baf3420
Event: 23.341 Thread 0x00000217328fc800 DEOPT UNPACKING pc=0x000002171bb2a1af sp=0x000000ff5baf3388 mode 2
Event: 23.364 Thread 0x00000217328fc800 DEOPT PACKING pc=0x000002171cc5d863 sp=0x000000ff5baf31c0
Event: 23.364 Thread 0x00000217328fc800 DEOPT UNPACKING pc=0x000002171bb2a95e sp=0x000000ff5baf26a0 mode 0
Event: 23.364 Thread 0x00000217328fc800 DEOPT PACKING pc=0x000002171cc5d0d0 sp=0x000000ff5baf3170
Event: 23.364 Thread 0x00000217328fc800 DEOPT UNPACKING pc=0x000002171bb2a95e sp=0x000000ff5baf25e8 mode 0

Classes redefined (0 events):
No events

Internal exceptions (20 events):
Event: 18.765 Thread 0x00000217327e1000 Exception <a 'java/lang/NoSuchMethodError'{0x0000000084f197e8}: <clinit>> (0x0000000084f197e8) thrown at [./src/hotspot/share/prims/jni.cpp, line 1365]
Event: 18.765 Thread 0x00000217327e1000 Exception <a 'java/lang/NoSuchMethodError'{0x0000000084f1acb0}: <clinit>> (0x0000000084f1acb0) thrown at [./src/hotspot/share/prims/jni.cpp, line 1365]
Event: 18.768 Thread 0x00000217327e1000 Exception <a 'java/lang/NoSuchMethodError'{0x0000000084f31520}: <clinit>> (0x0000000084f31520) thrown at [./src/hotspot/share/prims/jni.cpp, line 1365]
Event: 18.770 Thread 0x00000217327e1000 Exception <a 'java/lang/NoSuchMethodError'{0x0000000084f3e050}: <clinit>> (0x0000000084f3e050) thrown at [./src/hotspot/share/prims/jni.cpp, line 1365]
Event: 18.777 Thread 0x00000217327e1000 Exception <a 'java/lang/NoSuchMethodError'{0x0000000084f56ba8}: <clinit>> (0x0000000084f56ba8) thrown at [./src/hotspot/share/prims/jni.cpp, line 1365]
Event: 18.798 Thread 0x00000217328fc800 Exception <a 'java/lang/ClassNotFoundException'{0x0000000084fc63c0}: build_5za1klfp4rvab9cz4owqzvau8BeanInfo> (0x0000000084fc63c0) thrown at [./src/hotspot/share/classfile/systemDictionary.cpp, line 231]
Event: 18.799 Thread 0x00000217328fc800 Exception <a 'java/lang/ClassNotFoundException'{0x0000000084fd1378}: build_5za1klfp4rvab9cz4owqzvau8Customizer> (0x0000000084fd1378) thrown at [./src/hotspot/share/classfile/systemDictionary.cpp, line 231]
Event: 18.856 Thread 0x00000217328fc800 Exception <a 'java/lang/ClassNotFoundException'{0x0000000084d5feb8}: org/gradle/api/internal/plugins/DefaultObjectConfigurationActionBeanInfo> (0x0000000084d5feb8) thrown at [./src/hotspot/share/classfile/systemDictionary.cpp, line 231]
Event: 18.860 Thread 0x00000217328fc800 Exception <a 'java/lang/ClassNotFoundException'{0x0000000084d952e0}: org/gradle/api/internal/plugins/DefaultObjectConfigurationActionCustomizer> (0x0000000084d952e0) thrown at [./src/hotspot/share/classfile/systemDictionary.cpp, line 231]
Event: 19.281 Thread 0x00000217328fc800 Exception <a 'java/lang/NoSuchMethodError'{0x00000000842058d8}: 'java.lang.Object java.lang.invoke.DirectMethodHandle$Holder.invokeStatic(java.lang.Object, java.lang.Object, java.lang.Object, java.lang.Object, int)'> (0x00000000842058d8) thrown at [./src/hotspot/share/interpreter/linkResolver.cpp, line 773]
Event: 19.281 Thread 0x00000217328fc800 Exception <a 'java/lang/NoSuchMethodError'{0x000000008420a2d0}: 'java.lang.Object java.lang.invoke.DirectMethodHandle$Holder.invokeSpecial(java.lang.Object, java.lang.Object, java.lang.Object, java.lang.Object, java.lang.Object, int)'> (0x000000008420a2d0) thrown at [./src/hotspot/share/interpreter/linkResolver.cpp, line 773]
Event: 19.281 Thread 0x00000217328fc800 Exception <a 'java/lang/NoSuchMethodError'{0x000000008420e910}: 'java.lang.Object java.lang.invoke.Invokers$Holder.linkToTargetMethod(java.lang.Object, java.lang.Object, java.lang.Object, int, java.lang.Object)'> (0x000000008420e910) thrown at [./src/hotspot/share/interpreter/linkResolver.cpp, line 773]
Event: 20.156 Thread 0x00000217328fc800 Exception <a 'java/lang/NoSuchMethodError'{0x00000000856e33e0}: 'java.lang.Object java.lang.invoke.DirectMethodHandle$Holder.invokeSpecial(java.lang.Object, java.lang.Object, int, int, java.lang.Object, java.lang.Object, java.lang.Object)'> (0x00000000856e33e0) thrown at [./src/hotspot/share/interpreter/linkResolver.cpp, line 773]
Event: 20.156 Thread 0x00000217328fc800 Exception <a 'java/lang/NoSuchMethodError'{0x00000000856e7960}: 'java.lang.Object java.lang.invoke.DelegatingMethodHandle$Holder.reinvoke_L(java.lang.Object, int, int, java.lang.Object, java.lang.Object, java.lang.Object)'> (0x00000000856e7960) thrown at [./src/hotspot/share/interpreter/linkResolver.cpp, line 773]
Event: 20.733 Thread 0x00000217328fc800 Exception <a 'java/lang/NoSuchMethodError'{0x000000008498a3c8}: 'int java.lang.invoke.DirectMethodHandle$Holder.invokeInterface(java.lang.Object, java.lang.Object, java.lang.Object, java.lang.Object)'> (0x000000008498a3c8) thrown at [./src/hotspot/share/interpreter/linkResolver.cpp, line 773]
Event: 22.405 Thread 0x00000217328fc800 Exception <a 'java/lang/NoSuchMethodError'{0x00000000850d3400}: 'void java.lang.invoke.DirectMethodHandle$Holder.invokeInterface(java.lang.Object, java.lang.Object, java.lang.Object, java.lang.Object)'> (0x00000000850d3400) thrown at [./src/hotspot/share/interpreter/linkResolver.cpp, line 773]
Event: 22.738 Thread 0x00000217328fc800 Exception <a 'java/lang/IncompatibleClassChangeError'{0x0000000086aaa508}: Found class java.lang.Object, but interface was expected> (0x0000000086aaa508) thrown at [./src/hotspot/share/interpreter/linkResolver.cpp, line 839]
Event: 23.060 Thread 0x00000217328fc800 Implicit null exception at 0x00000217236e7c8b to 0x00000217236e7d64
Event: 23.168 Thread 0x00000217328fc800 Implicit null exception at 0x00000217236e0a2c to 0x00000217236e0bda
Event: 24.053 Thread 0x00000217328fc800 Exception <a 'sun/nio/fs/WindowsException'{0x0000000086f07ba8}> (0x0000000086f07ba8) thrown at [./src/hotspot/share/prims/jni.cpp, line 615]

Events (20 events):
Event: 24.158 loading class com/android/build/gradle/internal/dsl/decorator/DslDecorator$Companion done
Event: 24.159 loading class org/objectweb/asm/commons/Method
Event: 24.159 loading class org/objectweb/asm/commons/Method done
Event: 24.161 loading class com/android/build/gradle/internal/dsl/AgpDslLockedException
Event: 24.161 loading class com/android/build/gradle/internal/dsl/AgpDslLockedException done
Event: 24.162 loading class com/android/build/gradle/internal/dsl/decorator/DslDecorator$Companion$privateLookupInMethod$2
Event: 24.162 loading class com/android/build/gradle/internal/dsl/decorator/DslDecorator$Companion$privateLookupInMethod$2 done
Event: 24.163 loading class com/android/build/gradle/internal/dsl/decorator/DslDecorator$Companion$lookupDefineClassMethod$2
Event: 24.163 loading class com/android/build/gradle/internal/dsl/decorator/DslDecorator$Companion$lookupDefineClassMethod$2 done
Event: 24.163 loading class com/android/build/gradle/internal/dsl/decorator/DslDecorator$Companion$classLoaderDefineClass$2
Event: 24.163 loading class com/android/build/gradle/internal/dsl/decorator/DslDecorator$Companion$classLoaderDefineClass$2 done
Event: 24.164 loading class com/android/build/gradle/internal/dsl/decorator/DslDecorator$cache$1
Event: 24.164 loading class com/android/build/gradle/internal/dsl/decorator/DslDecorator$cache$1 done
Event: 24.165 loading class com/android/build/gradle/internal/dsl/DefaultConfig$AgpDecorated
Event: 24.165 loading class com/android/build/gradle/internal/dsl/DefaultConfig$AgpDecorated done
Event: 24.166 loading class org/objectweb/asm/ClassWriter
Event: 24.166 loading class org/objectweb/asm/ClassWriter done
Event: 24.167 loading class org/objectweb/asm/ClassVisitor
Event: 24.167 loading class org/objectweb/asm/ClassVisitor done
Event: 24.169 Executing VM operation: CollectForMetadataAllocation


Dynamic libraries:
0x00007ff743fb0000 - 0x00007ff743fba000 	C:\Program Files\Android\Android Studio\jre\bin\java.exe
0x00007ff9e2190000 - 0x00007ff9e2387000 	C:\WINDOWS\SYSTEM32\ntdll.dll
0x00007ff9e1d70000 - 0x00007ff9e1e2d000 	C:\WINDOWS\System32\KERNEL32.DLL
0x00007ff9dfe70000 - 0x00007ff9e013d000 	C:\WINDOWS\System32\KERNELBASE.dll
0x00007ff9df9c0000 - 0x00007ff9dfac0000 	C:\WINDOWS\System32\ucrtbase.dll
0x00007ff9d5060000 - 0x00007ff9d5079000 	C:\Program Files\Android\Android Studio\jre\bin\jli.dll
0x00007ff9d5db0000 - 0x00007ff9d5dc7000 	C:\Program Files\Android\Android Studio\jre\bin\VCRUNTIME140.dll
0x00007ff9e1bd0000 - 0x00007ff9e1d70000 	C:\WINDOWS\System32\USER32.dll
0x00007ff9dfe40000 - 0x00007ff9dfe62000 	C:\WINDOWS\System32\win32u.dll
0x00007ff9e0a40000 - 0x00007ff9e0a6a000 	C:\WINDOWS\System32\GDI32.dll
0x00007ff9df8b0000 - 0x00007ff9df9bb000 	C:\WINDOWS\System32\gdi32full.dll
0x00007ff9dfb80000 - 0x00007ff9dfc1d000 	C:\WINDOWS\System32\msvcp_win.dll
0x00007ff9c34c0000 - 0x00007ff9c375a000 	C:\WINDOWS\WinSxS\amd64_microsoft.windows.common-controls_6595b64144ccf1df_6.0.19041.1110_none_60b5254171f9507e\COMCTL32.dll
0x00007ff9e2010000 - 0x00007ff9e20ae000 	C:\WINDOWS\System32\msvcrt.dll
0x00007ff9e20b0000 - 0x00007ff9e20e0000 	C:\WINDOWS\System32\IMM32.DLL
0x00007ff9caa20000 - 0x00007ff9caabd000 	C:\Program Files\Android\Android Studio\jre\bin\msvcp140.dll
0x00007ff9a6ee0000 - 0x00007ff9a79c5000 	C:\Program Files\Android\Android Studio\jre\bin\server\jvm.dll
0x00007ff9e1ac0000 - 0x00007ff9e1b6e000 	C:\WINDOWS\System32\ADVAPI32.dll
0x00007ff9e1f70000 - 0x00007ff9e200c000 	C:\WINDOWS\System32\sechost.dll
0x00007ff9e0b10000 - 0x00007ff9e0c35000 	C:\WINDOWS\System32\RPCRT4.dll
0x00007ff9e2140000 - 0x00007ff9e2148000 	C:\WINDOWS\System32\PSAPI.DLL
0x00007ff9d5e60000 - 0x00007ff9d5e87000 	C:\WINDOWS\SYSTEM32\WINMM.dll
0x00007ff9d6c30000 - 0x00007ff9d6c3a000 	C:\WINDOWS\SYSTEM32\VERSION.dll
0x00007ff9d7870000 - 0x00007ff9d7879000 	C:\WINDOWS\SYSTEM32\WSOCK32.dll
0x00007ff9e1e30000 - 0x00007ff9e1e9b000 	C:\WINDOWS\System32\ws2_32.DLL
0x00007ff9de130000 - 0x00007ff9de142000 	C:\WINDOWS\SYSTEM32\kernel.appcore.dll
0x00007ff9c7cc0000 - 0x00007ff9c7cd1000 	C:\Program Files\Android\Android Studio\jre\bin\verify.dll
0x00007ff9dde30000 - 0x00007ff9de014000 	C:\WINDOWS\SYSTEM32\DBGHELP.DLL
0x00007ff9d7700000 - 0x00007ff9d772c000 	C:\WINDOWS\SYSTEM32\dbgcore.DLL
0x00007ff9dfaf0000 - 0x00007ff9dfb72000 	C:\WINDOWS\System32\bcryptPrimitives.dll
0x00007ff9c7a40000 - 0x00007ff9c7a69000 	C:\Program Files\Android\Android Studio\jre\bin\java.dll
0x00007ff9d7440000 - 0x00007ff9d744b000 	C:\Program Files\Android\Android Studio\jre\bin\jimage.dll
0x00007ff9c7a20000 - 0x00007ff9c7a38000 	C:\Program Files\Android\Android Studio\jre\bin\zip.dll
0x00007ff9e0c40000 - 0x00007ff9e1384000 	C:\WINDOWS\System32\SHELL32.dll
0x00007ff9dd5d0000 - 0x00007ff9ddd64000 	C:\WINDOWS\SYSTEM32\windows.storage.dll
0x00007ff9e1760000 - 0x00007ff9e1ab4000 	C:\WINDOWS\System32\combase.dll
0x00007ff9df310000 - 0x00007ff9df33c000 	C:\WINDOWS\SYSTEM32\Wldp.dll
0x00007ff9e14d0000 - 0x00007ff9e157d000 	C:\WINDOWS\System32\SHCORE.dll
0x00007ff9e20e0000 - 0x00007ff9e2135000 	C:\WINDOWS\System32\shlwapi.dll
0x00007ff9df7f0000 - 0x00007ff9df80f000 	C:\WINDOWS\SYSTEM32\profapi.dll
0x00007ff9c7990000 - 0x00007ff9c79aa000 	C:\Program Files\Android\Android Studio\jre\bin\net.dll
0x00007ff9d6ad0000 - 0x00007ff9d6bda000 	C:\WINDOWS\SYSTEM32\WINHTTP.dll
0x00007ff9df070000 - 0x00007ff9df0da000 	C:\WINDOWS\system32\mswsock.dll
0x00007ff9c7970000 - 0x00007ff9c7984000 	C:\Program Files\Android\Android Studio\jre\bin\nio.dll
0x00007ff9d5280000 - 0x00007ff9d52a7000 	C:\Users\amol\.gradle\native\e1d6ef7f7dcc3fd88c89a11ec53ec762bb8ba0a96d01ffa2cd45eb1d1d8dd5c5\windows-amd64\native-platform.dll
0x00007ff9c0ae0000 - 0x00007ff9c0c24000 	C:\Users\amol\.gradle\native\5664cfc778a61ccfe75a443a1ab52a65af34e5dc3c78e0209fed803814484fcb\windows-amd64\native-platform-file-events.dll
0x00007ff9d6550000 - 0x00007ff9d655a000 	C:\Program Files\Android\Android Studio\jre\bin\management.dll
0x00007ff9d6140000 - 0x00007ff9d614d000 	C:\Program Files\Android\Android Studio\jre\bin\management_ext.dll
0x00007ff9df260000 - 0x00007ff9df278000 	C:\WINDOWS\SYSTEM32\CRYPTSP.dll
0x00007ff9de980000 - 0x00007ff9de9b4000 	C:\WINDOWS\system32\rsaenh.dll
0x00007ff9dfac0000 - 0x00007ff9dfae7000 	C:\WINDOWS\System32\bcrypt.dll
0x00007ff9df7b0000 - 0x00007ff9df7de000 	C:\WINDOWS\SYSTEM32\USERENV.dll
0x00007ff9df280000 - 0x00007ff9df28c000 	C:\WINDOWS\SYSTEM32\CRYPTBASE.dll
0x00007ff9ded10000 - 0x00007ff9ded4b000 	C:\WINDOWS\SYSTEM32\IPHLPAPI.DLL
0x00007ff9e0a70000 - 0x00007ff9e0a78000 	C:\WINDOWS\System32\NSI.dll
0x00007ff9d1950000 - 0x00007ff9d1967000 	C:\WINDOWS\SYSTEM32\dhcpcsvc6.DLL
0x00007ff9d1d30000 - 0x00007ff9d1d4d000 	C:\WINDOWS\SYSTEM32\dhcpcsvc.DLL
0x00007ff9ded60000 - 0x00007ff9dee2b000 	C:\WINDOWS\SYSTEM32\DNSAPI.dll

dbghelp: loaded successfully - version: 4.0.5 - missing functions: none
symbol engine: initialized successfully - sym options: 0x614 - pdb path: .;C:\Program Files\Android\Android Studio\jre\bin;C:\WINDOWS\SYSTEM32;C:\WINDOWS\WinSxS\amd64_microsoft.windows.common-controls_6595b64144ccf1df_6.0.19041.1110_none_60b5254171f9507e;C:\Program Files\Android\Android Studio\jre\bin\server;C:\Users\amol\.gradle\native\e1d6ef7f7dcc3fd88c89a11ec53ec762bb8ba0a96d01ffa2cd45eb1d1d8dd5c5\windows-amd64;C:\Users\amol\.gradle\native\5664cfc778a61ccfe75a443a1ab52a65af34e5dc3c78e0209fed803814484fcb\windows-amd64

VM Arguments:
jvm_args: --add-opens=java.base/java.util=ALL-UNNAMED --add-opens=java.base/java.lang=ALL-UNNAMED --add-opens=java.base/java.lang.invoke=ALL-UNNAMED --add-opens=java.base/java.util=ALL-UNNAMED --add-opens=java.prefs/java.util.prefs=ALL-UNNAMED --add-opens=java.prefs/java.util.prefs=ALL-UNNAMED --add-opens=java.base/java.nio.charset=ALL-UNNAMED --add-opens=java.base/java.net=ALL-UNNAMED --add-opens=java.base/java.util.concurrent.atomic=ALL-UNNAMED -Xmx2048m -Dfile.encoding=UTF-8 -Duser.country=IN -Duser.language=en -Duser.variant 
java_command: org.gradle.launcher.daemon.bootstrap.GradleDaemon 7.3.3
java_class_path (initial): C:\Users\amol\.gradle\wrapper\dists\gradle-7.3.3-bin\6a41zxkdtcxs8rphpq6y0069z\gradle-7.3.3\lib\gradle-launcher-7.3.3.jar
Launcher Type: SUN_STANDARD

[Global flags]
     intx CICompilerCount                          = 3                                         {product} {ergonomic}
     uint ConcGCThreads                            = 1                                         {product} {ergonomic}
     uint G1ConcRefinementThreads                  = 4                                         {product} {ergonomic}
   size_t G1HeapRegionSize                         = 1048576                                   {product} {ergonomic}
    uintx GCDrainStackTargetSize                   = 64                                        {product} {ergonomic}
   size_t InitialHeapSize                          = 67108864                                  {product} {ergonomic}
   size_t MarkStackSize                            = 4194304                                   {product} {ergonomic}
   size_t MaxHeapSize                              = 2147483648                                {product} {command line}
   size_t MaxNewSize                               = 1287651328                                {product} {ergonomic}
   size_t MinHeapDeltaBytes                        = 1048576                                   {product} {ergonomic}
    uintx NonNMethodCodeHeapSize                   = 5830732                                {pd product} {ergonomic}
    uintx NonProfiledCodeHeapSize                  = 122913754                              {pd product} {ergonomic}
    uintx ProfiledCodeHeapSize                     = 122913754                              {pd product} {ergonomic}
    uintx ReservedCodeCacheSize                    = 251658240                              {pd product} {ergonomic}
     bool SegmentedCodeCache                       = true                                      {product} {ergonomic}
     bool UseCompressedClassPointers               = true                                 {lp64_product} {ergonomic}
     bool UseCompressedOops                        = true                                 {lp64_product} {ergonomic}
     bool UseG1GC                                  = true                                      {product} {ergonomic}
     bool UseLargePagesIndividualAllocation        = false                                  {pd product} {ergonomic}

Logging:
Log output configuration:
 #0: stdout all=warning uptime,level,tags
 #1: stderr all=off uptime,level,tags

Environment Variables:
JAVA_HOME=C:\Program Files\Java\jdk-17.0.2
PATH=C:\Program Files (x86)\Common Files\Oracle\Java\javapath;C:\Program Files\Common Files\Oracle\Java\javapath;C:\oraclexe\app\oracle\product\11.2.0\server\bin;C:\WINDOWS\system32;C:\WINDOWS;C:\WINDOWS\System32\Wbem;C:\WINDOWS\System32\WindowsPowerShell\v1.0\;C:\WINDOWS\System32\OpenSSH\;C:\MinGW\bin;C:\Program Files (x86)\NVIDIA Corporation\PhysX\Common;C:\Users\amol\AppData\Local\Microsoft\WindowsApps;C:\Users\amol\AppData\Local\Programs\Microsoft VS Code\bin;C:\adb;C:\Program Files\Java\jdk-17.0.2\bin;C:\Program Files\Git\cmd;C:\WINDOWS\system32;C:\WINDOWS;C:\WINDOWS\System32\Wbem;C:\WINDOWS\System32\WindowsPowerShell\v1.0\;C:\WINDOWS\System32\OpenSSH\;C:\Program Files\MySQL\MySQL Shell 8.0\bin\;C:\Users\amol\AppData\Local\Programs\Python\Python310\Scripts\;C:\Users\amol\AppData\Local\Programs\Python\Python310\;C:\Users\amol\AppData\Local\Microsoft\WindowsApps;C:\php;C:\Program Files\JetBrains\IntelliJ IDEA Community Edition 2021.3.2\bin;;C:\Users\amol\AppData\Local\Programs\Microsoft VS Code\bin;
USERNAME=amol
OS=Windows_NT
PROCESSOR_IDENTIFIER=Intel64 Family 6 Model 61 Stepping 4, GenuineIntel



---------------  S Y S T E M  ---------------

OS: Windows 10 , 64 bit Build 19041 (10.0.19041.1741)
OS uptime: 0 days 12:26 hours

CPU:total 4 (initial active 4) (2 cores per cpu, 2 threads per core) family 6 model 61 stepping 4 microcode 0x2d, cmov, cx8, fxsr, mmx, sse, sse2, sse3, ssse3, sse4.1, sse4.2, popcnt, avx, avx2, aes, clmul, erms, 3dnowpref, lzcnt, ht, tsc, tscinvbit, bmi1, bmi2, adx, fma

Memory: 4k page, system-wide physical 3994M (211M free)
TotalPageFile size 10138M (AvailPageFile size 0M)
current process WorkingSet (physical memory assigned to process): 238M, peak: 240M
current process commit charge ("private bytes"): 324M, peak: 327M

vm_info: OpenJDK 64-Bit Server VM (11.0.12+7-b1504.28-7817840) for windows-amd64 JRE (11.0.12+7-b1504.28-7817840), built on Oct 13 2021 22:12:33 by "builder" with MS VC++ 14.0 (VS2015)

END.
